<?xml version="1.0" encoding="UTF-8"?>
<!-- Generated by org.testng.reporters.JUnitReportReporter -->
<testsuite hostname="Test-PC" failures="0" tests="2" name="com.crm.qa.testdata.MainPageTest" time="43.307" errors="0" timestamp="2023-09-27T19:07:54 PDT" skipped="0">
  <testcase classname="com.crm.qa.testdata.MainPageTest" name="homePageTitleTest" time="14.523"/>
  <testcase classname="com.crm.qa.testdata.MainPageTest" name="clickonLogin" time="28.784"/>
</testsuite> <!-- com.crm.qa.testdata.MainPageTest -->
