<?xml version="1.0" encoding="UTF-8"?>
<!-- Generated by org.testng.reporters.JUnitReportReporter -->
<testsuite hostname="Test-PC" failures="0" tests="3" name="com.crm.qa.testdata.HomePageTest" time="69.930" errors="0" timestamp="2023-09-28T07:31:42 PDT" skipped="0">
  <testcase classname="com.crm.qa.testdata.HomePageTest" name="verifyHomePageTitleTest" time="18.257"/>
  <testcase classname="com.crm.qa.testdata.HomePageTest" name="verifyUserNameTest" time="31.376"/>
  <testcase classname="com.crm.qa.testdata.HomePageTest" name="verifyContactsLinkTest" time="20.297"/>
</testsuite> <!-- com.crm.qa.testdata.HomePageTest -->
