<?xml version="1.0" encoding="UTF-8"?>
<!-- Generated by org.testng.reporters.JUnitReportReporter -->
<testsuite hostname="Test-PC" failures="0" tests="2" name="com.crm.qa.testcases.LoginPageTest" time="33.700" errors="0" timestamp="2023-09-29T12:50:34 PDT" skipped="0">
  <testcase classname="com.crm.qa.testcases.LoginPageTest" name="loginToApp" time="17.523"/>
  <testcase classname="com.crm.qa.testcases.LoginPageTest" name="verifyLoginTitlePage" time="16.177"/>
</testsuite> <!-- com.crm.qa.testcases.LoginPageTest -->
