<?xml version="1.0" encoding="UTF-8"?>
<!-- Generated by org.testng.reporters.JUnitReportReporter -->
<testsuite hostname="Test-PC" failures="0" tests="2" name="com.crm.qa.testcases.MainPageTest" time="35.593" errors="0" timestamp="2023-09-29T12:50:34 PDT" skipped="0">
  <testcase classname="com.crm.qa.testcases.MainPageTest" name="homePageTitleTest" time="17.371"/>
  <testcase classname="com.crm.qa.testcases.MainPageTest" name="clickonLogin" time="18.222"/>
</testsuite> <!-- com.crm.qa.testcases.MainPageTest -->
